
WINEINET
	linux-gate.so.1 (0xf771f000)
	libz.so.1 => /usr/lib32/libz.so.1 (0xf7679000)
	libwine.so.1 => /home/benjamin/bin/teamviewer/tv_bin/wine/lib/libwine.so.1 (0xf74c7000)
	libc.so.6 => /usr/lib32/libc.so.6 (0xf7314000)
	libgcc_s.so.1 => /usr/lib32/libgcc_s.so.1 (0xf72f7000)
	libdl.so.2 => /usr/lib32/libdl.so.2 (0xf72f1000)
	/lib/ld-linux.so.2 (0x56617000)
WINE_DLL
	linux-gate.so.1 (0xf7755000)
	libX11.so.6 => /lib32/libX11.so.6 (0xf75ef000)
	libdl.so.2 => /lib32/libdl.so.2 (0xf75ea000)
	libwine.so.1 => /home/benjamin/bin/teamviewer/tv_bin/wine/lib/libwine.so.1 (0xf7438000)
	libc.so.6 => /lib32/libc.so.6 (0xf7285000)
	libxcb.so.1 => /usr/lib32/libxcb.so.1 (0xf7242000)
	/lib/ld-linux.so.2 (0x565d3000)
	libXau.so.6 => /usr/lib32/libXau.so.6 (0xf723e000)
	libXdmcp.so.6 => /usr/lib32/libXdmcp.so.6 (0xf7238000)
DEPEND
	linux-gate.so.1 (0xf7753000)
	libfontconfig.so.1 => /usr/lib32/libfontconfig.so.1 (0xf76f6000)
	libfreetype.so.6 => /usr/lib32/libfreetype.so.6 (0xf7647000)
	libSM.so.6 => /usr/lib32/libSM.so.6 (0xf763e000)
	libXrender.so.1 => /usr/lib32/libXrender.so.1 (0xf7632000)
	libc.so.6 => /usr/lib32/libc.so.6 (0xf747e000)
	libexpat.so.1 => /usr/lib32/libexpat.so.1 (0xf7455000)
	libpthread.so.0 => /usr/lib32/libpthread.so.0 (0xf7438000)
	libz.so.1 => /usr/lib32/libz.so.1 (0xf7421000)
	libbz2.so.1 => /usr/lib32/libbz2.so.1 (0xf7410000)
	libpng16.so.16 => /usr/lib32/libpng16.so.16 (0xf73d7000)
	libICE.so.6 => /usr/lib32/libICE.so.6 (0xf73bb000)
	libuuid.so.1 => /usr/lib32/libuuid.so.1 (0xf73b5000)
	libX11.so.6 => /usr/lib32/libX11.so.6 (0xf726d000)
	/lib/ld-linux.so.2 (0xf7754000)
	libm.so.6 => /usr/lib32/libm.so.6 (0xf721c000)
	libxcb.so.1 => /usr/lib32/libxcb.so.1 (0xf71f5000)
	libdl.so.2 => /usr/lib32/libdl.so.2 (0xf71f0000)
	libXau.so.6 => /usr/lib32/libXau.so.6 (0xf71ec000)
	libXdmcp.so.6 => /usr/lib32/libXdmcp.so.6 (0xf71e6000)
TV_DMN
	linux-gate.so.1 (0xf7710000)
	libdbus-1.so.3 => /usr/lib32/libdbus-1.so.3 (0xf769e000)
	librt.so.1 => /usr/lib32/librt.so.1 (0xf7695000)
	libdl.so.2 => /usr/lib32/libdl.so.2 (0xf7690000)
	libm.so.6 => /usr/lib32/libm.so.6 (0xf763f000)
	libpthread.so.0 => /usr/lib32/libpthread.so.0 (0xf7621000)
	libc.so.6 => /usr/lib32/libc.so.6 (0xf746e000)
	/lib/ld-linux.so.2 (0xf7711000)
TV_DESK
	linux-gate.so.1 (0xf77a8000)
	libdbus-1.so.3 => /usr/lib32/libdbus-1.so.3 (0xf7736000)
	librt.so.1 => /usr/lib32/librt.so.1 (0xf772d000)
	libdl.so.2 => /usr/lib32/libdl.so.2 (0xf7728000)
	libm.so.6 => /usr/lib32/libm.so.6 (0xf76d7000)
	libpthread.so.0 => /usr/lib32/libpthread.so.0 (0xf76b9000)
	libc.so.6 => /usr/lib32/libc.so.6 (0xf7506000)
	/lib/ld-linux.so.2 (0xf77a9000)
TV_DELEG
	linux-gate.so.1 (0xf77b6000)
	libQtWebKit.so.4 => /home/benjamin/bin/teamviewer/tv_bin/RTlib/libQtWebKit.so.4 (0xf6790000)
	libQtGui.so.4 => /home/benjamin/bin/teamviewer/tv_bin/RTlib/libQtGui.so.4 (0xf5f59000)
	libQtNetwork.so.4 => /home/benjamin/bin/teamviewer/tv_bin/RTlib/libQtNetwork.so.4 (0xf5c30000)
	libQtCore.so.4 => /home/benjamin/bin/teamviewer/tv_bin/RTlib/libQtCore.so.4 (0xf59c5000)
	libdbus-1.so.3 => /usr/lib32/libdbus-1.so.3 (0xf5956000)
	librt.so.1 => /usr/lib32/librt.so.1 (0xf594d000)
	libdl.so.2 => /usr/lib32/libdl.so.2 (0xf5948000)
	libm.so.6 => /usr/lib32/libm.so.6 (0xf58f7000)
	libpthread.so.0 => /usr/lib32/libpthread.so.0 (0xf58da000)
	libc.so.6 => /usr/lib32/libc.so.6 (0xf5726000)
	/lib/ld-linux.so.2 (0xf77b7000)
	libXinerama.so.1 => /usr/lib32/libXinerama.so.1 (0xf5723000)
	libfontconfig.so.1 => /usr/lib32/libfontconfig.so.1 (0xf56e5000)
	libfreetype.so.6 => /usr/lib32/libfreetype.so.6 (0xf5636000)
	libXext.so.6 => /usr/lib32/libXext.so.6 (0xf5622000)
	libX11.so.6 => /usr/lib32/libX11.so.6 (0xf54d9000)
	libXrender.so.1 => /usr/lib32/libXrender.so.1 (0xf54cd000)
	libjpeg.so.62 => not found
	libjpeg.so.62 => not found
	libpng12.so.0 => not found
	libz.so.1 => /usr/lib32/libz.so.1 (0xf54b5000)
	libexpat.so.1 => /usr/lib32/libexpat.so.1 (0xf548c000)
	libbz2.so.1 => /usr/lib32/libbz2.so.1 (0xf547b000)
	libpng16.so.16 => /usr/lib32/libpng16.so.16 (0xf5443000)
	libxcb.so.1 => /usr/lib32/libxcb.so.1 (0xf541d000)
	libXau.so.6 => /usr/lib32/libXau.so.6 (0xf5418000)
	libXdmcp.so.6 => /usr/lib32/libXdmcp.so.6 (0xf5412000)
